<html>
<head>
<title>TestNG:  Regression Testing</title>
<link href="../testng.css" rel="stylesheet" type="text/css" />
<link href="../my-testng.css" rel="stylesheet" type="text/css" />

<style type="text/css">
.log { display: none;} 
.stack-trace { display: none;} 
</style>
<script type="text/javascript">
<!--
function flip(e) {
  current = e.style.display;
  if (current == 'block') {
    e.style.display = 'none';
    return 0;
  }
  else {
    e.style.display = 'block';
    return 1;
  }
}

function toggleBox(szDivId, elem, msg1, msg2)
{
  var res = -1;  if (document.getElementById) {
    res = flip(document.getElementById(szDivId));
  }
  else if (document.all) {
    // this is the way old msie versions work
    res = flip(document.all[szDivId]);
  }
  if(elem) {
    if(res == 0) elem.innerHTML = msg1; else elem.innerHTML = msg2;
  }

}

function toggleAllBoxes() {
  if (document.getElementsByTagName) {
    d = document.getElementsByTagName('div');
    for (i = 0; i < d.length; i++) {
      if (d[i].className == 'log') {
        flip(d[i]);
      }
    }
  }
}

// -->
</script>

</head>
<body>
<h2 align='center'>Regression Testing</h2><table border='1' align="center">
<tr>
<td>Tests passed/Failed/Skipped:</td><td>3/2/0</td>
</tr><tr>
<td>Started on:</td><td>Sun Aug 20 14:05:42 CDT 2017</td>
</tr>
<tr><td>Total time:</td><td>0 seconds (36 ms)</td>
</tr><tr>
<td>Included groups:</td><td></td>
</tr><tr>
<td>Excluded groups:</td><td></td>
</tr>
</table><p/>
<small><i>(Hover the method name to see the test class name)</i></small><p/>
<table width='100%' border='1' class='invocation-failed'>
<tr><td colspan='4' align='center'><b>FAILED TESTS</b></td></tr>
<tr><td><b>Test method</b></td>
<td width="30%"><b>Exception</b></td>
<td width="10%"><b>Time (seconds)</b></td>
<td><b>Instance</b></td>
</tr>
<tr>
<td title='testclasses.SampleTest.testMethod2()'><b>testMethod2</b><br>Test class: testclasses.SampleTest<br/>
<a href="#Output-1549409129" onClick='toggleBox("Output-1549409129", this, "Show output", "Hide output");'>Show output</a>

<a href="#Output-1549409129" onClick="toggleAllBoxes();">Show all outputs</a>
<div class='log' id="Output-1549409129">
On Test Start Listner: Begining Test name : testMethod2 started execution<br/>
On Test Fail Listner -> I Can Take Screen Shots & Test MethodtestMethod2 has FAILED<br/>
</div>
</td>
<td><div><pre>java.lang.AssertionError: The following asserts failed:
	testMethod2 - Values do not match expected [Hello World] but found [appcode.SomeClassToTest@1f36e637]
	at testclasses.SampleTest.testMethod2(SampleTest.java:33)
... Removed 26 stack frames</pre></div><a href='#' onClick='toggleBox("stack-trace1549409129", this, "Click to show all stack frames", "Click to hide stack frames")'>Click to show all stack frames</a>
<div class='stack-trace' id='stack-trace1549409129'><pre>java.lang.AssertionError: The following asserts failed:
	testMethod2 - Values do not match expected [Hello World] but found [appcode.SomeClassToTest@1f36e637]
	at org.testng.asserts.SoftAssert.assertAll(SoftAssert.java:43)
	at testclasses.SampleTest.testMethod2(SampleTest.java:33)
	at sun.reflect.NativeMethodAccessorImpl.invoke0(Native Method)
	at sun.reflect.NativeMethodAccessorImpl.invoke(Unknown Source)
	at sun.reflect.DelegatingMethodAccessorImpl.invoke(Unknown Source)
	at java.lang.reflect.Method.invoke(Unknown Source)
	at org.testng.internal.MethodInvocationHelper.invokeMethod(MethodInvocationHelper.java:108)
	at org.testng.internal.Invoker.invokeMethod(Invoker.java:661)
	at org.testng.internal.Invoker.invokeTestMethod(Invoker.java:869)
	at org.testng.internal.Invoker.invokeTestMethods(Invoker.java:1193)
	at org.testng.internal.TestMethodWorker.invokeTestMethods(TestMethodWorker.java:126)
	at org.testng.internal.TestMethodWorker.run(TestMethodWorker.java:109)
	at org.testng.TestRunner.privateRun(TestRunner.java:744)
	at org.testng.TestRunner.run(TestRunner.java:602)
	at org.testng.SuiteRunner.runTest(SuiteRunner.java:380)
	at org.testng.SuiteRunner.runSequentially(SuiteRunner.java:375)
	at org.testng.SuiteRunner.privateRun(SuiteRunner.java:340)
	at org.testng.SuiteRunner.run(SuiteRunner.java:289)
	at org.testng.SuiteRunnerWorker.runSuite(SuiteRunnerWorker.java:52)
	at org.testng.SuiteRunnerWorker.run(SuiteRunnerWorker.java:86)
	at org.testng.TestNG.runSuitesSequentially(TestNG.java:1301)
	at org.testng.TestNG.runSuitesLocally(TestNG.java:1226)
	at org.testng.TestNG.runSuites(TestNG.java:1144)
	at org.testng.TestNG.run(TestNG.java:1115)
	at org.testng.remote.AbstractRemoteTestNG.run(AbstractRemoteTestNG.java:132)
	at org.testng.remote.RemoteTestNG.initAndRun(RemoteTestNG.java:230)
	at org.testng.remote.RemoteTestNG.main(RemoteTestNG.java:76)
</pre></div></td>
<td>0</td>
<td>testclasses.SampleTest@ae45eb6</td></tr>
<tr>
<td title='testclasses.SampleTest.testmethod4()'><b>testmethod4</b><br>Test class: testclasses.SampleTest<br/>
<a href="#Output-846238611" onClick='toggleBox("Output-846238611", this, "Show output", "Hide output");'>Show output</a>

<a href="#Output-846238611" onClick="toggleAllBoxes();">Show all outputs</a>
<div class='log' id="Output-846238611">
On Test Start Listner: Begining Test name : testmethod4 started execution<br/>
Running Test -> testMethod4<br/>
Running Test -> testMethod4 -> Soft Assert 1<br/>
Running Test -> testMethod4 -> Soft Assert 2<br/>
On Test Fail Listner -> I Can Take Screen Shots & Test Methodtestmethod4 has FAILED<br/>
</div>
</td>
<td><div><pre>java.lang.AssertionError: The following asserts failed:
	testMethod2 - Values do not match expected [Hello World] but found [appcode.SomeClassToTest@1f36e637],
	 expected [3] but found [4],
	expected [10] but found [20]
	at testclasses.SampleTest.testmethod4(SampleTest.java:56)
... Removed 26 stack frames</pre></div><a href='#' onClick='toggleBox("stack-trace846238611", this, "Click to show all stack frames", "Click to hide stack frames")'>Click to show all stack frames</a>
<div class='stack-trace' id='stack-trace846238611'><pre>java.lang.AssertionError: The following asserts failed:
	testMethod2 - Values do not match expected [Hello World] but found [appcode.SomeClassToTest@1f36e637],
	 expected [3] but found [4],
	expected [10] but found [20]
	at org.testng.asserts.SoftAssert.assertAll(SoftAssert.java:43)
	at testclasses.SampleTest.testmethod4(SampleTest.java:56)
	at sun.reflect.NativeMethodAccessorImpl.invoke0(Native Method)
	at sun.reflect.NativeMethodAccessorImpl.invoke(Unknown Source)
	at sun.reflect.DelegatingMethodAccessorImpl.invoke(Unknown Source)
	at java.lang.reflect.Method.invoke(Unknown Source)
	at org.testng.internal.MethodInvocationHelper.invokeMethod(MethodInvocationHelper.java:108)
	at org.testng.internal.Invoker.invokeMethod(Invoker.java:661)
	at org.testng.internal.Invoker.invokeTestMethod(Invoker.java:869)
	at org.testng.internal.Invoker.invokeTestMethods(Invoker.java:1193)
	at org.testng.internal.TestMethodWorker.invokeTestMethods(TestMethodWorker.java:126)
	at org.testng.internal.TestMethodWorker.run(TestMethodWorker.java:109)
	at org.testng.TestRunner.privateRun(TestRunner.java:744)
	at org.testng.TestRunner.run(TestRunner.java:602)
	at org.testng.SuiteRunner.runTest(SuiteRunner.java:380)
	at org.testng.SuiteRunner.runSequentially(SuiteRunner.java:375)
	at org.testng.SuiteRunner.privateRun(SuiteRunner.java:340)
	at org.testng.SuiteRunner.run(SuiteRunner.java:289)
	at org.testng.SuiteRunnerWorker.runSuite(SuiteRunnerWorker.java:52)
	at org.testng.SuiteRunnerWorker.run(SuiteRunnerWorker.java:86)
	at org.testng.TestNG.runSuitesSequentially(TestNG.java:1301)
	at org.testng.TestNG.runSuitesLocally(TestNG.java:1226)
	at org.testng.TestNG.runSuites(TestNG.java:1144)
	at org.testng.TestNG.run(TestNG.java:1115)
	at org.testng.remote.AbstractRemoteTestNG.run(AbstractRemoteTestNG.java:132)
	at org.testng.remote.RemoteTestNG.initAndRun(RemoteTestNG.java:230)
	at org.testng.remote.RemoteTestNG.main(RemoteTestNG.java:76)
</pre></div></td>
<td>0</td>
<td>testclasses.SampleTest@ae45eb6</td></tr>
</table><p>
<table width='100%' border='1' class='invocation-passed'>
<tr><td colspan='4' align='center'><b>PASSED TESTS</b></td></tr>
<tr><td><b>Test method</b></td>
<td width="30%"><b>Exception</b></td>
<td width="10%"><b>Time (seconds)</b></td>
<td><b>Instance</b></td>
</tr>
<tr>
<td title='testclasses.SampleTest.testMethod1()'><b>testMethod1</b><br>Test class: testclasses.SampleTest<br>Parameters: Smoke Testing, Regression Test<br/>
<a href="#Output-1864350231" onClick='toggleBox("Output-1864350231", this, "Show output", "Hide output");'>Show output</a>

<a href="#Output-1864350231" onClick="toggleAllBoxes();">Show all outputs</a>
<div class='log' id="Output-1864350231">
On Test Start Listner: Begining Test name : testMethod1 started execution<br/>
On Test Success Listner: Test Name : testMethod1 Passed successfully<br/>
</div>
</td>
<td></td>
<td>0</td>
<td>testclasses.SampleTest@ae45eb6</td></tr>
<tr>
<td title='testclasses.SampleTest.testMethod3()'><b>testMethod3</b><br>Test class: testclasses.SampleTest<br/>
<a href="#Output-1857815974" onClick='toggleBox("Output-1857815974", this, "Show output", "Hide output");'>Show output</a>

<a href="#Output-1857815974" onClick="toggleAllBoxes();">Show all outputs</a>
<div class='log' id="Output-1857815974">
On Test Start Listner: Begining Test name : testMethod3 started execution<br/>
Running Test -> testMethod3<br/>
On Test Success Listner: Test Name : testMethod3 Passed successfully<br/>
</div>
</td>
<td></td>
<td>0</td>
<td>testclasses.SampleTest@ae45eb6</td></tr>
<tr>
<td title='testclasses.SampleTest.testmethod5()'><b>testmethod5</b><br>Test class: testclasses.SampleTest<br/>
<a href="#Output-215145189" onClick='toggleBox("Output-215145189", this, "Show output", "Hide output");'>Show output</a>

<a href="#Output-215145189" onClick="toggleAllBoxes();">Show all outputs</a>
<div class='log' id="Output-215145189">
On Test Start Listner: Begining Test name : testmethod5 started execution<br/>
Running Test -> testMethod4 -> Soft Assert<br/>
On Test Success Listner: Test Name : testmethod5 Passed successfully<br/>
</div>
</td>
<td></td>
<td>0</td>
<td>testclasses.SampleTest@ae45eb6</td></tr>
</table><p>
</body>
</html>