<?xml version="1.0" encoding="UTF-8"?>
<!-- Generated by org.testng.reporters.JUnitXMLReporter -->
<testsuite hostname="ANHROG" ignored="0" name="Regression Testing" tests="5" failures="2" timestamp="20 Aug 2017 19:05:42 GMT" time="0.036" errors="0">
  <testcase name="testMethod1" time="0.01" classname="testclasses.SampleTest"/>
  <testcase name="testMethod2" time="0.001" classname="testclasses.SampleTest">
    <failure type="java.lang.AssertionError" message="The following asserts failed:
	testMethod2 - Values do not match expected [Hello World] but found [appcode.SomeClassToTest@1f36e637]">
      <![CDATA[java.lang.AssertionError: The following asserts failed:
	testMethod2 - Values do not match expected [Hello World] but found [appcode.SomeClassToTest@1f36e637]
	at testclasses.SampleTest.testMethod2(SampleTest.java:33)
... Removed 26 stack frames]]>
    </failure>
  </testcase> <!-- testMethod2 -->
  <testcase name="testMethod3" time="0.001" classname="testclasses.SampleTest"/>
  <testcase name="testmethod4" time="0.001" classname="testclasses.SampleTest">
    <failure type="java.lang.AssertionError" message="The following asserts failed:
	testMethod2 - Values do not match expected [Hello World] but found [appcode.SomeClassToTest@1f36e637],
	 expected [3] but found [4],
	expected [10] but found [20]">
      <![CDATA[java.lang.AssertionError: The following asserts failed:
	testMethod2 - Values do not match expected [Hello World] but found [appcode.SomeClassToTest@1f36e637],
	 expected [3] but found [4],
	expected [10] but found [20]
	at testclasses.SampleTest.testmethod4(SampleTest.java:56)
... Removed 26 stack frames]]>
    </failure>
  </testcase> <!-- testmethod4 -->
  <testcase name="testmethod5" time="0.001" classname="testclasses.SampleTest"/>
</testsuite> <!-- Regression Testing -->
